2024-02-15T12:30:13.714+06:00  INFO 14510 --- [http-nio-8080-exec-1] c.s.b.s.c.user.ContactShowController     : contactList: Page 1 of 3 containing com.spring.boot.smartcontact.model.Contact instances
2024-02-15T12:30:13.716+06:00  WARN 14510 --- [http-nio-8080-exec-1] actStandardFragmentInsertionTagProcessor : [THYMELEAF][http-nio-8080-exec-1][user/show_contacts] Deprecated unwrapped fragment expression "base::layout(~{::section})" found in template user/show_contacts, line 2, col 53. Please use the complete syntax of fragment expressions instead ("~{base::layout(~{::section})}"). The old, unwrapped syntax for fragment expressions will be removed in future versions of Thymeleaf.
2024-02-15T12:30:13.720+06:00  WARN 14510 --- [http-nio-8080-exec-1] actStandardFragmentInsertionTagProcessor : [THYMELEAF][http-nio-8080-exec-1][user/show_contacts] Deprecated unwrapped fragment expression "page::my_contact_page" found in template user/show_contacts, line 52, col 18. Please use the complete syntax of fragment expressions instead ("~{page::my_contact_page}"). The old, unwrapped syntax for fragment expressions will be removed in future versions of Thymeleaf.
2024-02-15T12:30:31.584+06:00  INFO 14510 --- [http-nio-8080-exec-6] c.s.b.s.c.user.ContactShowController     : contactList: Page 2 of 3 containing com.spring.boot.smartcontact.model.Contact instances
2024-02-15T12:30:31.585+06:00  WARN 14510 --- [http-nio-8080-exec-6] actStandardFragmentInsertionTagProcessor : [THYMELEAF][http-nio-8080-exec-6][user/show_contacts] Deprecated unwrapped fragment expression "base::layout(~{::section})" found in template user/show_contacts, line 2, col 53. Please use the complete syntax of fragment expressions instead ("~{base::layout(~{::section})}"). The old, unwrapped syntax for fragment expressions will be removed in future versions of Thymeleaf.
2024-02-15T12:30:31.589+06:00  WARN 14510 --- [http-nio-8080-exec-6] actStandardFragmentInsertionTagProcessor : [THYMELEAF][http-nio-8080-exec-6][user/show_contacts] Deprecated unwrapped fragment expression "page::my_contact_page" found in template user/show_contacts, line 52, col 18. Please use the complete syntax of fragment expressions instead ("~{page::my_contact_page}"). The old, unwrapped syntax for fragment expressions will be removed in future versions of Thymeleaf.
2024-02-15T12:31:02.515+06:00  INFO 14510 --- [SpringApplicationShutdownHook] j.LocalContainerEntityManagerFactoryBean : Closing JPA EntityManagerFactory for persistence unit 'default'
2024-02-15T12:31:02.518+06:00  INFO 14510 --- [SpringApplicationShutdownHook] com.zaxxer.hikari.HikariDataSource       : test - Shutdown initiated...
2024-02-15T12:31:02.522+06:00  INFO 14510 --- [SpringApplicationShutdownHook] com.zaxxer.hikari.HikariDataSource       : test - Shutdown completed.
2024-02-15T12:41:58.715+06:00  INFO 15643 --- [restartedMain] c.s.b.s.SmartcontactApplication          : Starting SmartcontactApplication using Java 21.0.1 with PID 15643 (/home/shamim/workspace/smartcontact2/target/classes started by shamim in /home/shamim/workspace/smartcontact2)
2024-02-15T12:41:58.716+06:00  INFO 15643 --- [restartedMain] c.s.b.s.SmartcontactApplication          : No active profile set, falling back to 1 default profile: "default"
2024-02-15T12:41:58.748+06:00  INFO 15643 --- [restartedMain] .e.DevToolsPropertyDefaultsPostProcessor : Devtools property defaults active! Set 'spring.devtools.add-properties' to 'false' to disable
2024-02-15T12:41:58.748+06:00  INFO 15643 --- [restartedMain] .e.DevToolsPropertyDefaultsPostProcessor : For additional web related logging consider setting the 'logging.level.web' property to 'DEBUG'
2024-02-15T12:41:59.128+06:00  INFO 15643 --- [restartedMain] .s.d.r.c.RepositoryConfigurationDelegate : Bootstrapping Spring Data JPA repositories in DEFAULT mode.
2024-02-15T12:41:59.161+06:00  INFO 15643 --- [restartedMain] .s.d.r.c.RepositoryConfigurationDelegate : Finished Spring Data repository scanning in 30 ms. Found 4 JPA repository interfaces.
2024-02-15T12:41:59.473+06:00  INFO 15643 --- [restartedMain] o.s.b.w.embedded.tomcat.TomcatWebServer  : Tomcat initialized with port 8080 (http)
2024-02-15T12:41:59.479+06:00  INFO 15643 --- [restartedMain] o.apache.catalina.core.StandardService   : Starting service [Tomcat]
2024-02-15T12:41:59.480+06:00  INFO 15643 --- [restartedMain] o.apache.catalina.core.StandardEngine    : Starting Servlet engine: [Apache Tomcat/10.1.18]
2024-02-15T12:41:59.499+06:00  INFO 15643 --- [restartedMain] o.a.c.c.C.[Tomcat].[localhost].[/]       : Initializing Spring embedded WebApplicationContext
2024-02-15T12:41:59.499+06:00  INFO 15643 --- [restartedMain] w.s.c.ServletWebServerApplicationContext : Root WebApplicationContext: initialization completed in 750 ms
2024-02-15T12:41:59.529+06:00  WARN 15643 --- [restartedMain] o.a.c.c.C.[Tomcat].[localhost].[/]       : Cannot deserialize session attribute [SPRING_SECURITY_CONTEXT] for session [C414E4A38B747B014A8D0E5B8EC898B2]
2024-02-15T12:41:59.587+06:00  INFO 15643 --- [restartedMain] o.hibernate.jpa.internal.util.LogHelper  : HHH000204: Processing PersistenceUnitInfo [name: default]
2024-02-15T12:41:59.611+06:00  INFO 15643 --- [restartedMain] org.hibernate.Version                    : HHH000412: Hibernate ORM core version 6.4.1.Final
2024-02-15T12:41:59.626+06:00  INFO 15643 --- [restartedMain] o.h.c.internal.RegionFactoryInitiator    : HHH000026: Second-level cache disabled
2024-02-15T12:41:59.740+06:00  INFO 15643 --- [restartedMain] o.s.o.j.p.SpringPersistenceUnitInfo      : No LoadTimeWeaver setup: ignoring JPA class transformer
2024-02-15T12:41:59.755+06:00  INFO 15643 --- [restartedMain] com.zaxxer.hikari.HikariDataSource       : test - Starting...
2024-02-15T12:41:59.932+06:00  INFO 15643 --- [restartedMain] com.zaxxer.hikari.pool.HikariPool        : test - Added connection com.mysql.cj.jdbc.ConnectionImpl@7447b3c8
2024-02-15T12:41:59.933+06:00  INFO 15643 --- [restartedMain] com.zaxxer.hikari.HikariDataSource       : test - Start completed.
2024-02-15T12:41:59.956+06:00  WARN 15643 --- [restartedMain] org.hibernate.orm.deprecation            : HHH90000025: MySQL8Dialect does not need to be specified explicitly using 'hibernate.dialect' (remove the property setting and it will be selected by default)
2024-02-15T12:41:59.957+06:00  WARN 15643 --- [restartedMain] org.hibernate.orm.deprecation            : HHH90000026: MySQL8Dialect has been deprecated; use org.hibernate.dialect.MySQLDialect instead
2024-02-15T12:42:00.463+06:00  INFO 15643 --- [restartedMain] o.h.e.t.j.p.i.JtaPlatformInitiator       : HHH000489: No JTA platform available (set 'hibernate.transaction.jta.platform' to enable JTA platform integration)
2024-02-15T12:42:00.509+06:00  INFO 15643 --- [restartedMain] j.LocalContainerEntityManagerFactoryBean : Initialized JPA EntityManagerFactory for persistence unit 'default'
2024-02-15T12:42:00.633+06:00  INFO 15643 --- [restartedMain] o.s.d.j.r.query.QueryEnhancerFactory     : Hibernate is in classpath; If applicable, HQL parser will be used.
2024-02-15T12:42:00.917+06:00  WARN 15643 --- [restartedMain] JpaBaseConfiguration$JpaWebConfiguration : spring.jpa.open-in-view is enabled by default. Therefore, database queries may be performed during view rendering. Explicitly configure spring.jpa.open-in-view to disable this warning
2024-02-15T12:42:01.070+06:00  INFO 15643 --- [restartedMain] o.s.s.web.DefaultSecurityFilterChain     : Will secure any request with [org.springframework.security.web.session.DisableEncodeUrlFilter@24d8d9bf, org.springframework.security.web.context.request.async.WebAsyncManagerIntegrationFilter@44cea67e, org.springframework.security.web.context.SecurityContextHolderFilter@698b454c, org.springframework.security.web.header.HeaderWriterFilter@5613f1a9, org.springframework.web.filter.CorsFilter@6f1e35af, org.springframework.security.web.csrf.CsrfFilter@1589c382, org.springframework.security.web.authentication.logout.LogoutFilter@62667ca6, org.springframework.security.web.authentication.UsernamePasswordAuthenticationFilter@ce3a0c3, org.springframework.security.web.savedrequest.RequestCacheAwareFilter@48a3a44c, org.springframework.security.web.servletapi.SecurityContextHolderAwareRequestFilter@3006efa8, org.springframework.security.web.authentication.AnonymousAuthenticationFilter@7e6a6537, org.springframework.security.web.access.ExceptionTranslationFilter@6038b572, org.springframework.security.web.access.intercept.AuthorizationFilter@7afa2028]
2024-02-15T12:42:01.212+06:00  INFO 15643 --- [restartedMain] o.s.b.d.a.OptionalLiveReloadServer       : LiveReload server is running on port 35729
2024-02-15T12:42:01.232+06:00  INFO 15643 --- [restartedMain] o.s.b.w.embedded.tomcat.TomcatWebServer  : Tomcat started on port 8080 (http) with context path ''
2024-02-15T12:42:01.237+06:00  INFO 15643 --- [restartedMain] c.s.b.s.SmartcontactApplication          : Started SmartcontactApplication in 2.754 seconds (process running for 3.131)
2024-02-15T12:42:07.325+06:00  INFO 15643 --- [http-nio-8080-exec-1] o.a.c.c.C.[Tomcat].[localhost].[/]       : Initializing Spring DispatcherServlet 'dispatcherServlet'
2024-02-15T12:42:07.326+06:00  INFO 15643 --- [http-nio-8080-exec-1] o.s.web.servlet.DispatcherServlet        : Initializing Servlet 'dispatcherServlet'
2024-02-15T12:42:07.327+06:00  INFO 15643 --- [http-nio-8080-exec-1] o.s.web.servlet.DispatcherServlet        : Completed initialization in 0 ms
2024-02-15T12:42:07.454+06:00  WARN 15643 --- [http-nio-8080-exec-2] actStandardFragmentInsertionTagProcessor : [THYMELEAF][http-nio-8080-exec-2][login] Deprecated unwrapped fragment expression "base2::layout(~{::section})" found in template login, line 2, col 53. Please use the complete syntax of fragment expressions instead ("~{base2::layout(~{::section})}"). The old, unwrapped syntax for fragment expressions will be removed in future versions of Thymeleaf.
2024-02-15T12:42:12.966+06:00  WARN 15643 --- [http-nio-8080-exec-7] actStandardFragmentInsertionTagProcessor : [THYMELEAF][http-nio-8080-exec-7][user_dashboard] Deprecated unwrapped fragment expression "base::layout(~{::section})" found in template user_dashboard, line 2, col 53. Please use the complete syntax of fragment expressions instead ("~{base::layout(~{::section})}"). The old, unwrapped syntax for fragment expressions will be removed in future versions of Thymeleaf.
2024-02-15T12:42:15.398+06:00  WARN 15643 --- [http-nio-8080-exec-10] .m.m.a.ExceptionHandlerExceptionResolver : Resolved [org.springframework.web.servlet.resource.NoResourceFoundException: No static resource user/index2.]
2024-02-15T12:42:21.037+06:00  WARN 15643 --- [http-nio-8080-exec-1] .m.m.a.ExceptionHandlerExceptionResolver : Resolved [org.springframework.web.servlet.resource.NoResourceFoundException: No static resource user/pageContext.request.contextPath/home.]
2024-02-15T12:42:57.153+06:00  WARN 15643 --- [http-nio-8080-exec-2] .m.m.a.ExceptionHandlerExceptionResolver : Resolved [org.springframework.web.servlet.resource.NoResourceFoundException: No static resource user.]
2024-02-15T12:42:59.064+06:00  WARN 15643 --- [http-nio-8080-exec-4] actStandardFragmentInsertionTagProcessor : [THYMELEAF][http-nio-8080-exec-4][user_dashboard] Deprecated unwrapped fragment expression "base::layout(~{::section})" found in template user_dashboard, line 2, col 53. Please use the complete syntax of fragment expressions instead ("~{base::layout(~{::section})}"). The old, unwrapped syntax for fragment expressions will be removed in future versions of Thymeleaf.
2024-02-15T12:43:05.171+06:00  WARN 15643 --- [http-nio-8080-exec-7] actStandardFragmentInsertionTagProcessor : [THYMELEAF][http-nio-8080-exec-7][user_dashboard] Deprecated unwrapped fragment expression "base::layout(~{::section})" found in template user_dashboard, line 2, col 53. Please use the complete syntax of fragment expressions instead ("~{base::layout(~{::section})}"). The old, unwrapped syntax for fragment expressions will be removed in future versions of Thymeleaf.
2024-02-15T12:43:09.187+06:00  WARN 15643 --- [http-nio-8080-exec-10] .m.m.a.ExceptionHandlerExceptionResolver : Resolved [org.springframework.web.servlet.resource.NoResourceFoundException: No static resource user/index311311.]
2024-02-15T12:43:12.074+06:00  WARN 15643 --- [http-nio-8080-exec-2] actStandardFragmentInsertionTagProcessor : [THYMELEAF][http-nio-8080-exec-2][user_dashboard] Deprecated unwrapped fragment expression "base::layout(~{::section})" found in template user_dashboard, line 2, col 53. Please use the complete syntax of fragment expressions instead ("~{base::layout(~{::section})}"). The old, unwrapped syntax for fragment expressions will be removed in future versions of Thymeleaf.
2024-02-15T12:43:14.655+06:00  WARN 15643 --- [http-nio-8080-exec-6] actStandardFragmentInsertionTagProcessor : [THYMELEAF][http-nio-8080-exec-6][login] Deprecated unwrapped fragment expression "base2::layout(~{::section})" found in template login, line 2, col 53. Please use the complete syntax of fragment expressions instead ("~{base2::layout(~{::section})}"). The old, unwrapped syntax for fragment expressions will be removed in future versions of Thymeleaf.
2024-02-15T12:43:17.609+06:00  WARN 15643 --- [http-nio-8080-exec-1] actStandardFragmentInsertionTagProcessor : [THYMELEAF][http-nio-8080-exec-1][user_dashboard] Deprecated unwrapped fragment expression "base::layout(~{::section})" found in template user_dashboard, line 2, col 53. Please use the complete syntax of fragment expressions instead ("~{base::layout(~{::section})}"). The old, unwrapped syntax for fragment expressions will be removed in future versions of Thymeleaf.
2024-02-15T12:43:23.517+06:00  WARN 15643 --- [http-nio-8080-exec-4] actStandardFragmentInsertionTagProcessor : [THYMELEAF][http-nio-8080-exec-4][user_dashboard] Deprecated unwrapped fragment expression "base::layout(~{::section})" found in template user_dashboard, line 2, col 53. Please use the complete syntax of fragment expressions instead ("~{base::layout(~{::section})}"). The old, unwrapped syntax for fragment expressions will be removed in future versions of Thymeleaf.
2024-02-15T12:43:26.818+06:00  WARN 15643 --- [http-nio-8080-exec-7] .m.m.a.ExceptionHandlerExceptionResolver : Resolved [org.springframework.web.servlet.resource.NoResourceFoundException: No static resource admin/index421dfqwdq.]
2024-02-15T12:43:28.097+06:00  WARN 15643 --- [http-nio-8080-exec-8] actStandardFragmentInsertionTagProcessor : [THYMELEAF][http-nio-8080-exec-8][user_dashboard] Deprecated unwrapped fragment expression "base::layout(~{::section})" found in template user_dashboard, line 2, col 53. Please use the complete syntax of fragment expressions instead ("~{base::layout(~{::section})}"). The old, unwrapped syntax for fragment expressions will be removed in future versions of Thymeleaf.
2024-02-15T12:44:17.868+06:00  WARN 15643 --- [http-nio-8080-exec-3] actStandardFragmentInsertionTagProcessor : [THYMELEAF][http-nio-8080-exec-3][user_dashboard] Deprecated unwrapped fragment expression "base::layout(~{::section})" found in template user_dashboard, line 2, col 53. Please use the complete syntax of fragment expressions instead ("~{base::layout(~{::section})}"). The old, unwrapped syntax for fragment expressions will be removed in future versions of Thymeleaf.
2024-02-15T12:44:18.691+06:00  WARN 15643 --- [http-nio-8080-exec-5] actStandardFragmentInsertionTagProcessor : [THYMELEAF][http-nio-8080-exec-5][user_dashboard] Deprecated unwrapped fragment expression "base::layout(~{::section})" found in template user_dashboard, line 2, col 53. Please use the complete syntax of fragment expressions instead ("~{base::layout(~{::section})}"). The old, unwrapped syntax for fragment expressions will be removed in future versions of Thymeleaf.
2024-02-15T12:44:21.549+06:00  WARN 15643 --- [http-nio-8080-exec-9] .m.m.a.ExceptionHandlerExceptionResolver : Resolved [org.springframework.web.servlet.resource.NoResourceFoundException: No static resource admin/index342353453.]
2024-02-15T12:44:24.064+06:00  WARN 15643 --- [http-nio-8080-exec-10] actStandardFragmentInsertionTagProcessor : [THYMELEAF][http-nio-8080-exec-10][user_dashboard] Deprecated unwrapped fragment expression "base::layout(~{::section})" found in template user_dashboard, line 2, col 53. Please use the complete syntax of fragment expressions instead ("~{base::layout(~{::section})}"). The old, unwrapped syntax for fragment expressions will be removed in future versions of Thymeleaf.
2024-02-15T12:44:52.166+06:00  INFO 15643 --- [SpringApplicationShutdownHook] j.LocalContainerEntityManagerFactoryBean : Closing JPA EntityManagerFactory for persistence unit 'default'
2024-02-15T12:44:52.169+06:00  INFO 15643 --- [SpringApplicationShutdownHook] com.zaxxer.hikari.HikariDataSource       : test - Shutdown initiated...
2024-02-15T12:44:52.174+06:00  INFO 15643 --- [SpringApplicationShutdownHook] com.zaxxer.hikari.HikariDataSource       : test - Shutdown completed.
2024-02-15T12:44:53.346+06:00  INFO 16151 --- [restartedMain] c.s.b.s.SmartcontactApplication          : Starting SmartcontactApplication using Java 21.0.1 with PID 16151 (/home/shamim/workspace/smartcontact2/target/classes started by shamim in /home/shamim/workspace/smartcontact2)
2024-02-15T12:44:53.348+06:00  INFO 16151 --- [restartedMain] c.s.b.s.SmartcontactApplication          : No active profile set, falling back to 1 default profile: "default"
2024-02-15T12:44:53.395+06:00  INFO 16151 --- [restartedMain] .e.DevToolsPropertyDefaultsPostProcessor : Devtools property defaults active! Set 'spring.devtools.add-properties' to 'false' to disable
2024-02-15T12:44:53.395+06:00  INFO 16151 --- [restartedMain] .e.DevToolsPropertyDefaultsPostProcessor : For additional web related logging consider setting the 'logging.level.web' property to 'DEBUG'
2024-02-15T12:44:53.836+06:00  INFO 16151 --- [restartedMain] .s.d.r.c.RepositoryConfigurationDelegate : Bootstrapping Spring Data JPA repositories in DEFAULT mode.
2024-02-15T12:44:53.873+06:00  INFO 16151 --- [restartedMain] .s.d.r.c.RepositoryConfigurationDelegate : Finished Spring Data repository scanning in 32 ms. Found 4 JPA repository interfaces.
2024-02-15T12:44:54.279+06:00  INFO 16151 --- [restartedMain] o.s.b.w.embedded.tomcat.TomcatWebServer  : Tomcat initialized with port 8080 (http)
2024-02-15T12:44:54.286+06:00  INFO 16151 --- [restartedMain] o.apache.catalina.core.StandardService   : Starting service [Tomcat]
2024-02-15T12:44:54.287+06:00  INFO 16151 --- [restartedMain] o.apache.catalina.core.StandardEngine    : Starting Servlet engine: [Apache Tomcat/10.1.18]
2024-02-15T12:44:54.307+06:00  INFO 16151 --- [restartedMain] o.a.c.c.C.[Tomcat].[localhost].[/]       : Initializing Spring embedded WebApplicationContext
2024-02-15T12:44:54.307+06:00  INFO 16151 --- [restartedMain] w.s.c.ServletWebServerApplicationContext : Root WebApplicationContext: initialization completed in 912 ms
2024-02-15T12:44:54.341+06:00  WARN 16151 --- [restartedMain] o.a.c.c.C.[Tomcat].[localhost].[/]       : Cannot deserialize session attribute [SPRING_SECURITY_CONTEXT] for session [B85B7C7E27DF6AA86F58891A1A1BDE19]
2024-02-15T12:44:54.404+06:00  INFO 16151 --- [restartedMain] o.hibernate.jpa.internal.util.LogHelper  : HHH000204: Processing PersistenceUnitInfo [name: default]
2024-02-15T12:44:54.431+06:00  INFO 16151 --- [restartedMain] org.hibernate.Version                    : HHH000412: Hibernate ORM core version 6.4.1.Final
2024-02-15T12:44:54.445+06:00  INFO 16151 --- [restartedMain] o.h.c.internal.RegionFactoryInitiator    : HHH000026: Second-level cache disabled
2024-02-15T12:44:54.556+06:00  INFO 16151 --- [restartedMain] o.s.o.j.p.SpringPersistenceUnitInfo      : No LoadTimeWeaver setup: ignoring JPA class transformer
2024-02-15T12:44:54.571+06:00  INFO 16151 --- [restartedMain] com.zaxxer.hikari.HikariDataSource       : test - Starting...
2024-02-15T12:44:54.744+06:00  INFO 16151 --- [restartedMain] com.zaxxer.hikari.pool.HikariPool        : test - Added connection com.mysql.cj.jdbc.ConnectionImpl@1566dbbd
2024-02-15T12:44:54.745+06:00  INFO 16151 --- [restartedMain] com.zaxxer.hikari.HikariDataSource       : test - Start completed.
2024-02-15T12:44:54.774+06:00  WARN 16151 --- [restartedMain] org.hibernate.orm.deprecation            : HHH90000025: MySQL8Dialect does not need to be specified explicitly using 'hibernate.dialect' (remove the property setting and it will be selected by default)
2024-02-15T12:44:54.774+06:00  WARN 16151 --- [restartedMain] org.hibernate.orm.deprecation            : HHH90000026: MySQL8Dialect has been deprecated; use org.hibernate.dialect.MySQLDialect instead
2024-02-15T12:44:55.298+06:00  INFO 16151 --- [restartedMain] o.h.e.t.j.p.i.JtaPlatformInitiator       : HHH000489: No JTA platform available (set 'hibernate.transaction.jta.platform' to enable JTA platform integration)
2024-02-15T12:44:55.349+06:00  INFO 16151 --- [restartedMain] j.LocalContainerEntityManagerFactoryBean : Initialized JPA EntityManagerFactory for persistence unit 'default'
2024-02-15T12:44:55.480+06:00  INFO 16151 --- [restartedMain] o.s.d.j.r.query.QueryEnhancerFactory     : Hibernate is in classpath; If applicable, HQL parser will be used.
2024-02-15T12:44:55.758+06:00  WARN 16151 --- [restartedMain] JpaBaseConfiguration$JpaWebConfiguration : spring.jpa.open-in-view is enabled by default. Therefore, database queries may be performed during view rendering. Explicitly configure spring.jpa.open-in-view to disable this warning
2024-02-15T12:44:55.906+06:00  INFO 16151 --- [restartedMain] o.s.s.web.DefaultSecurityFilterChain     : Will secure any request with [org.springframework.security.web.session.DisableEncodeUrlFilter@66f37423, org.springframework.security.web.context.request.async.WebAsyncManagerIntegrationFilter@4e8fa453, org.springframework.security.web.context.SecurityContextHolderFilter@18da344f, org.springframework.security.web.header.HeaderWriterFilter@7e4b5c0d, org.springframework.web.filter.CorsFilter@5c4a1e9a, org.springframework.security.web.csrf.CsrfFilter@4ea25b3c, org.springframework.security.web.authentication.logout.LogoutFilter@795d0a8f, org.springframework.security.web.authentication.UsernamePasswordAuthenticationFilter@61df104a, org.springframework.security.web.savedrequest.RequestCacheAwareFilter@111a3d70, org.springframework.security.web.servletapi.SecurityContextHolderAwareRequestFilter@7c9d0634, org.springframework.security.web.authentication.AnonymousAuthenticationFilter@458e0819, org.springframework.security.web.access.ExceptionTranslationFilter@66a2f0bf, org.springframework.security.web.access.intercept.AuthorizationFilter@16f094ec]
2024-02-15T12:44:56.046+06:00  INFO 16151 --- [restartedMain] o.s.b.d.a.OptionalLiveReloadServer       : LiveReload server is running on port 35729
2024-02-15T12:44:56.066+06:00  INFO 16151 --- [restartedMain] o.s.b.w.embedded.tomcat.TomcatWebServer  : Tomcat started on port 8080 (http) with context path ''
2024-02-15T12:44:56.072+06:00  INFO 16151 --- [restartedMain] c.s.b.s.SmartcontactApplication          : Started SmartcontactApplication in 2.988 seconds (process running for 3.371)
2024-02-15T12:44:57.951+06:00  INFO 16151 --- [http-nio-8080-exec-1] o.a.c.c.C.[Tomcat].[localhost].[/]       : Initializing Spring DispatcherServlet 'dispatcherServlet'
2024-02-15T12:44:57.951+06:00  INFO 16151 --- [http-nio-8080-exec-1] o.s.web.servlet.DispatcherServlet        : Initializing Servlet 'dispatcherServlet'
2024-02-15T12:44:57.952+06:00  INFO 16151 --- [http-nio-8080-exec-1] o.s.web.servlet.DispatcherServlet        : Completed initialization in 1 ms
2024-02-15T12:44:58.085+06:00  WARN 16151 --- [http-nio-8080-exec-2] actStandardFragmentInsertionTagProcessor : [THYMELEAF][http-nio-8080-exec-2][login] Deprecated unwrapped fragment expression "base2::layout(~{::section})" found in template login, line 2, col 53. Please use the complete syntax of fragment expressions instead ("~{base2::layout(~{::section})}"). The old, unwrapped syntax for fragment expressions will be removed in future versions of Thymeleaf.
2024-02-15T12:45:00.799+06:00  WARN 16151 --- [http-nio-8080-exec-6] actStandardFragmentInsertionTagProcessor : [THYMELEAF][http-nio-8080-exec-6][login] Deprecated unwrapped fragment expression "base2::layout(~{::section})" found in template login, line 2, col 53. Please use the complete syntax of fragment expressions instead ("~{base2::layout(~{::section})}"). The old, unwrapped syntax for fragment expressions will be removed in future versions of Thymeleaf.
2024-02-15T12:45:02.546+06:00  WARN 16151 --- [http-nio-8080-exec-9] .m.m.a.ExceptionHandlerExceptionResolver : Resolved [org.springframework.web.servlet.resource.NoResourceFoundException: No static resource oipopuqa.]
2024-02-15T12:45:07.276+06:00  WARN 16151 --- [http-nio-8080-exec-1] actStandardFragmentInsertionTagProcessor : [THYMELEAF][http-nio-8080-exec-1][login] Deprecated unwrapped fragment expression "base2::layout(~{::section})" found in template login, line 2, col 53. Please use the complete syntax of fragment expressions instead ("~{base2::layout(~{::section})}"). The old, unwrapped syntax for fragment expressions will be removed in future versions of Thymeleaf.
2024-02-15T12:45:11.144+06:00  WARN 16151 --- [http-nio-8080-exec-6] actStandardFragmentInsertionTagProcessor : [THYMELEAF][http-nio-8080-exec-6][user_dashboard] Deprecated unwrapped fragment expression "base::layout(~{::section})" found in template user_dashboard, line 2, col 53. Please use the complete syntax of fragment expressions instead ("~{base::layout(~{::section})}"). The old, unwrapped syntax for fragment expressions will be removed in future versions of Thymeleaf.
2024-02-15T12:45:13.507+06:00  WARN 16151 --- [http-nio-8080-exec-9] .m.m.a.ExceptionHandlerExceptionResolver : Resolved [org.springframework.web.servlet.resource.NoResourceFoundException: No static resource admin/index54353.]
2024-02-15T12:45:15.571+06:00  WARN 16151 --- [http-nio-8080-exec-1] actStandardFragmentInsertionTagProcessor : [THYMELEAF][http-nio-8080-exec-1][user_dashboard] Deprecated unwrapped fragment expression "base::layout(~{::section})" found in template user_dashboard, line 2, col 53. Please use the complete syntax of fragment expressions instead ("~{base::layout(~{::section})}"). The old, unwrapped syntax for fragment expressions will be removed in future versions of Thymeleaf.
2024-02-15T12:45:20.272+06:00  WARN 16151 --- [http-nio-8080-exec-5] actStandardFragmentInsertionTagProcessor : [THYMELEAF][http-nio-8080-exec-5][login] Deprecated unwrapped fragment expression "base2::layout(~{::section})" found in template login, line 2, col 53. Please use the complete syntax of fragment expressions instead ("~{base2::layout(~{::section})}"). The old, unwrapped syntax for fragment expressions will be removed in future versions of Thymeleaf.
2024-02-15T12:45:20.919+06:00  WARN 16151 --- [http-nio-8080-exec-8] actStandardFragmentInsertionTagProcessor : [THYMELEAF][http-nio-8080-exec-8][signup] Deprecated unwrapped fragment expression "base2::layout(~{::section})" found in template signup, line 2, col 53. Please use the complete syntax of fragment expressions instead ("~{base2::layout(~{::section})}"). The old, unwrapped syntax for fragment expressions will be removed in future versions of Thymeleaf.
2024-02-15T12:45:47.067+06:00  INFO 16151 --- [http-nio-8080-exec-2] c.s.b.s.controller.home.HomeController   : HOME CONTROLLER USER: com.spring.boot.smartcontact.model.User@4f320661
2024-02-15T12:45:47.147+06:00  INFO 16151 --- [http-nio-8080-exec-2] c.s.b.smartcontact.service.UserService   : User: com.spring.boot.smartcontact.model.User@4f320661
2024-02-15T12:45:47.195+06:00  WARN 16151 --- [http-nio-8080-exec-3] actStandardFragmentInsertionTagProcessor : [THYMELEAF][http-nio-8080-exec-3][signup] Deprecated unwrapped fragment expression "base2::layout(~{::section})" found in template signup, line 2, col 53. Please use the complete syntax of fragment expressions instead ("~{base2::layout(~{::section})}"). The old, unwrapped syntax for fragment expressions will be removed in future versions of Thymeleaf.
2024-02-15T12:45:51.789+06:00  WARN 16151 --- [http-nio-8080-exec-6] actStandardFragmentInsertionTagProcessor : [THYMELEAF][http-nio-8080-exec-6][login] Deprecated unwrapped fragment expression "base2::layout(~{::section})" found in template login, line 2, col 53. Please use the complete syntax of fragment expressions instead ("~{base2::layout(~{::section})}"). The old, unwrapped syntax for fragment expressions will be removed in future versions of Thymeleaf.
2024-02-15T12:45:58.317+06:00  WARN 16151 --- [http-nio-8080-exec-2] actStandardFragmentInsertionTagProcessor : [THYMELEAF][http-nio-8080-exec-2][user_dashboard] Deprecated unwrapped fragment expression "base::layout(~{::section})" found in template user_dashboard, line 2, col 53. Please use the complete syntax of fragment expressions instead ("~{base::layout(~{::section})}"). The old, unwrapped syntax for fragment expressions will be removed in future versions of Thymeleaf.
2024-02-15T12:46:01.318+06:00  INFO 16151 --- [http-nio-8080-exec-4] c.s.b.s.c.user.ContactShowController     : contactList: Page 1 of 0 containing UNKNOWN instances
2024-02-15T12:46:01.320+06:00  WARN 16151 --- [http-nio-8080-exec-4] actStandardFragmentInsertionTagProcessor : [THYMELEAF][http-nio-8080-exec-4][user/show_contacts] Deprecated unwrapped fragment expression "base::layout(~{::section})" found in template user/show_contacts, line 2, col 53. Please use the complete syntax of fragment expressions instead ("~{base::layout(~{::section})}"). The old, unwrapped syntax for fragment expressions will be removed in future versions of Thymeleaf.
2024-02-15T12:46:01.322+06:00  WARN 16151 --- [http-nio-8080-exec-4] actStandardFragmentInsertionTagProcessor : [THYMELEAF][http-nio-8080-exec-4][user/show_contacts] Deprecated unwrapped fragment expression "page::my_contact_page" found in template user/show_contacts, line 52, col 18. Please use the complete syntax of fragment expressions instead ("~{page::my_contact_page}"). The old, unwrapped syntax for fragment expressions will be removed in future versions of Thymeleaf.
2024-02-15T12:46:01.714+06:00  WARN 16151 --- [http-nio-8080-exec-8] actStandardFragmentInsertionTagProcessor : [THYMELEAF][http-nio-8080-exec-8][user/add_contact_form] Deprecated unwrapped fragment expression "base::layout(~{::section})" found in template user/add_contact_form, line 2, col 53. Please use the complete syntax of fragment expressions instead ("~{base::layout(~{::section})}"). The old, unwrapped syntax for fragment expressions will be removed in future versions of Thymeleaf.
